<?xml version="1.0" encoding="UTF-8"?>
<!-- Generated by org.testng.reporters.JUnitReportReporter -->
<testsuite skipped="0" hostname="ATMECSBLRLT-104" name="sampleRestAssured.SampleAPITesting_POST_MissingData" tests="1" failures="0" timestamp="2022-04-18T20:55:14 IST" time="3.996" errors="0">
  <testcase name="test_POST1" time="3.996" classname="sampleRestAssured.SampleAPITesting_POST_MissingData"/>
  <system-out/>
</testsuite> <!-- sampleRestAssured.SampleAPITesting_POST_MissingData -->
