<?xml version="1.0" encoding="UTF-8"?>
<!-- Generated by org.testng.reporters.JUnitReportReporter -->
<testsuite skipped="0" hostname="ATMECSBLRLT-104" name="sampleRestAssured.AuthenticationAPIExample" tests="1" failures="0" timestamp="2022-04-20T17:33:42 IST" time="4.369" errors="0">
  <testcase name="queryParam" time="4.369" classname="sampleRestAssured.AuthenticationAPIExample"/>
  <system-out/>
</testsuite> <!-- sampleRestAssured.AuthenticationAPIExample -->
