<?xml version="1.0" encoding="UTF-8"?>
<!-- Generated by org.testng.reporters.JUnitReportReporter -->
<testsuite skipped="0" hostname="ATMECSBLRLT-104" name="sampleRestAssured.SampleAPITestingExamples" tests="1" failures="0" timestamp="2022-04-11T19:03:06 IST" time="3.766" errors="0">
  <testcase name="test_DELETE" time="3.766" classname="sampleRestAssured.SampleAPITestingExamples"/>
  <system-out/>
</testsuite> <!-- sampleRestAssured.SampleAPITestingExamples -->
