<?xml version="1.0" encoding="UTF-8"?>
<!-- Generated by org.testng.reporters.JUnitReportReporter -->
<testsuite skipped="0" hostname="ATMECSBLRLT-104" name="sampleRestAssured.Delete" tests="2" failures="0" timestamp="2022-04-13T17:04:14 IST" time="6.029" errors="0">
  <testcase name="test_DELETE" time="5.088" classname="sampleRestAssured.Delete"/>
  <system-out/>
  <testcase name="test_DELETE" time="0.941" classname="sampleRestAssured.Delete"/>
  <system-out/>
</testsuite> <!-- sampleRestAssured.Delete -->
