<?xml version="1.0" encoding="UTF-8"?>
<!-- Generated by org.testng.reporters.JUnitReportReporter -->
<testsuite skipped="0" hostname="ATMECSBLRLT-104" name="sampleRestAssured.Test_GET" tests="1" failures="0" timestamp="2022-04-11T16:32:34 IST" time="0.016" errors="0">
  <testcase name="test_GET" time="0.016" classname="sampleRestAssured.Test_GET"/>
  <system-out/>
</testsuite> <!-- sampleRestAssured.Test_GET -->
