<?xml version="1.0" encoding="UTF-8"?>
<!-- Generated by org.testng.reporters.JUnitReportReporter -->
<testsuite skipped="0" hostname="ATMECSBLRLT-104" name="sampleRestAssured.DataDrivenTesting" tests="2" failures="0" timestamp="2022-04-19T13:26:45 IST" time="4.626" errors="0">
  <testcase name="test_POST" time="3.696" classname="sampleRestAssured.DataDrivenTesting"/>
  <system-out/>
  <testcase name="test_POST" time="0.930" classname="sampleRestAssured.DataDrivenTesting"/>
  <system-out/>
</testsuite> <!-- sampleRestAssured.DataDrivenTesting -->
