<?xml version="1.0" encoding="UTF-8"?>
<!-- Generated by org.testng.reporters.JUnitReportReporter -->
<testsuite skipped="0" hostname="ATMECSBLRLT-104" name="sampleRestAssured.SampleAPITestingExamples" tests="1" failures="0" timestamp="2022-04-18T21:02:28 IST" time="4.393" errors="0">
  <testcase name="test_POSTUnsuccessful" time="4.393" classname="sampleRestAssured.SampleAPITestingExamples"/>
  <system-out/>
</testsuite> <!-- sampleRestAssured.SampleAPITestingExamples -->
