<?xml version="1.0" encoding="UTF-8"?>
<!-- Generated by org.testng.reporters.JUnitReportReporter -->
<testsuite skipped="0" hostname="ATMECSBLRLT-104" name="sampleRestAssured.DeleteDataDrivenTesting" tests="2" failures="0" timestamp="2022-04-19T13:23:22 IST" time="5.125" errors="0">
  <testcase name="test_DELETE" time="3.772" classname="sampleRestAssured.DeleteDataDrivenTesting"/>
  <system-out/>
  <testcase name="test_DELETE" time="1.353" classname="sampleRestAssured.DeleteDataDrivenTesting"/>
  <system-out/>
</testsuite> <!-- sampleRestAssured.DeleteDataDrivenTesting -->
