<?xml version="1.0" encoding="UTF-8"?>
<!-- Generated by org.testng.reporters.JUnitReportReporter -->
<testsuite skipped="0" hostname="ATMECSBLRLT-104" name="sampleRestAssured.AuthenticationAPIExample" tests="1" failures="0" timestamp="2022-04-19T18:14:26 IST" time="3.511" errors="0">
  <testcase name="bearerTokenAuthentication" time="3.511" classname="sampleRestAssured.AuthenticationAPIExample"/>
  <system-out/>
</testsuite> <!-- sampleRestAssured.AuthenticationAPIExample -->
