<?xml version="1.0" encoding="UTF-8"?>
<!-- Generated by org.testng.reporters.JUnitReportReporter -->
<testsuite skipped="0" hostname="ATMECSBLRLT-104" name="sampleRestAssured.SampleAPITesting_GET" tests="1" failures="0" timestamp="2022-04-18T20:30:00 IST" time="4.830" errors="0">
  <testcase name="test_DELETE" time="4.830" classname="sampleRestAssured.SampleAPITesting_GET"/>
  <system-out/>
</testsuite> <!-- sampleRestAssured.SampleAPITesting_GET -->
